<?xml version="1.0" encoding="UTF-8"?>
<!-- Generated by org.testng.reporters.JUnitXMLReporter -->
<testsuite ignored="0" hostname="DESKTOP-KP1G8GF" failures="1" tests="1" name="Test" time="35.87" errors="0" timestamp="2023-11-23T11:33:57 IST">
  <testcase classname="com.w3schools.tests.LoginTests" name="loginWithValidCredentials" time="35.673">
    <failure type="java.lang.AssertionError" message="expected [true] but found [false]">
      <![CDATA[java.lang.AssertionError: expected [true] but found [false]
at com.w3schools.tests.LoginTests.loginWithValidCredentials(LoginTests.java:22)
at java.base/java.util.ArrayList.forEach(ArrayList.java:1511)
... Removed 29 stack frames]]>
    </failure>
  </testcase> <!-- loginWithValidCredentials -->
</testsuite> <!-- Test -->
